<?xml version="1.0" encoding="UTF-8"?>
<!-- Generated by org.testng.reporters.JUnitReportReporter -->
<testsuite hostname="LAPTOP-OFMRSGL7" failures="0" tests="9" name="runner.RunnerClass" time="215.590" errors="0" timestamp="2022-03-14T09:46:32 IST" skipped="0">
  <testcase classname="runner.RunnerClass" name="runScenario" time="27.479"/>
  <system-out/>
  <testcase classname="runner.RunnerClass" name="runScenario" time="15.923"/>
  <system-out/>
  <testcase classname="runner.RunnerClass" name="runScenario" time="34.864"/>
  <system-out/>
  <testcase classname="runner.RunnerClass" name="runScenario" time="32.993"/>
  <system-out/>
  <testcase classname="runner.RunnerClass" name="runScenario" time="30.531"/>
  <system-out/>
  <testcase classname="runner.RunnerClass" name="runScenario" time="12.263"/>
  <system-out/>
  <testcase classname="runner.RunnerClass" name="runScenario" time="19.696"/>
  <system-out/>
  <testcase classname="runner.RunnerClass" name="runScenario" time="28.226"/>
  <system-out/>
  <testcase classname="runner.RunnerClass" name="runScenario" time="13.615"/>
  <system-out/>
</testsuite> <!-- runner.RunnerClass -->
